<?xml version="1.0" encoding="UTF-8"?>
<!-- Generated by org.testng.reporters.JUnitXMLReporter -->
<testsuite ignored="0" hostname="LAPTOP-R92NJ77V" failures="1" tests="1" name="GLAMS Address Page Test" time="28.455" errors="0" timestamp="2025-03-02T15:12:14 IST">
  <testcase classname="com.tutorialNinja01.ninja01.AddressPageTest_TC_003" name="FillAllRegistrationDetails" time="23.231">
    <failure type="java.lang.AssertionError" message="Text mismatch: Expected &amp;apos;Your Account Has Been Created!  &amp;apos; but found &amp;apos;&amp;apos; expected [] but found [Your Account Has Been Created!]">
      <![CDATA[java.lang.AssertionError: Text mismatch: Expected 'Your Account Has Been Created!  ' but found '' expected [] but found [Your Account Has Been Created!]
at com.tutorialNinja01.ninja01.AddressPageTest_TC_003.FillAllRegistrationDetails(AddressPageTest_TC_003.java:36)
at java.base/java.util.ArrayList.forEach(ArrayList.java:1511)
... Removed 32 stack frames]]>
    </failure>
  </testcase> <!-- FillAllRegistrationDetails -->
</testsuite> <!-- GLAMS Address Page Test -->
